HBuilder-Hello/app/build/outputs/logs/manifest-merger-debug-report.txt
-- Merging decision tree log ---
manifest
ADDED from src\main\AndroidManifest.xml:2:1-209:12
INJECTED from src\main\AndroidManifest.xml:2:1-209:12
INJECTED from src\main\AndroidManifest.xml:2:1-209:12
INJECTED from src\main\AndroidManifest.xml:2:1-209:12
MERGED from [lib.5plus.base-release.aar] AndroidManifest.xml:2:1-226:12
MERGED from [com.android.support:multidex:1.0.2] AndroidManifest.xml:17:1-22:12
INJECTED from src\main\AndroidManifest.xml:2:1-209:12
INJECTED from src\main\AndroidManifest.xml:2:1-209:12
INJECTED from src\main\AndroidManifest.xml:2:1-209:12
	package
		ADDED from src\main\AndroidManifest.xml:4:5-33
		INJECTED from src\main\AndroidManifest.xml
		INJECTED from src\main\AndroidManifest.xml
	android:versionName
		INJECTED from src\main\AndroidManifest.xml
		ADDED from src\main\AndroidManifest.xml:2:1-209:12
		INJECTED from src\main\AndroidManifest.xml
	xmlns:tools
		ADDED from src\main\AndroidManifest.xml:3:5-51
	android:versionCode
		INJECTED from src\main\AndroidManifest.xml
		ADDED from src\main\AndroidManifest.xml:2:1-209:12
		INJECTED from src\main\AndroidManifest.xml
	xmlns:android
		ADDED from src\main\AndroidManifest.xml:2:11-69
uses-permission#android.permission.CAMERA
ADDED from src\main\AndroidManifest.xml:7:5-65
	android:name
		ADDED from src\main\AndroidManifest.xml:7:22-62
uses-permission#android.permission.WRITE_EXTERNAL_STORAGE
ADDED from src\main\AndroidManifest.xml:8:5-81
MERGED from [lib.5plus.base-release.aar] AndroidManifest.xml:16:5-81
MERGED from [lib.5plus.base-release.aar] AndroidManifest.xml:16:5-81
	android:name
		ADDED from src\main\AndroidManifest.xml:8:22-78
uses-feature#android.hardware.camera
ADDED from src\main\AndroidManifest.xml:10:5-60
	android:name
		ADDED from src\main\AndroidManifest.xml:10:19-57
uses-feature#android.hardware.camera.autofocus
ADDED from src\main\AndroidManifest.xml:11:5-70
	android:name
		ADDED from src\main\AndroidManifest.xml:11:19-67
uses-permission#android.permission.VIBRATE
ADDED from src\main\AndroidManifest.xml:13:5-66
	android:name
		ADDED from src\main\AndroidManifest.xml:13:22-63
uses-permission#android.permission.FLASHLIGHT
ADDED from src\main\AndroidManifest.xml:14:5-69
	android:name
		ADDED from src\main\AndroidManifest.xml:14:22-66
uses-permission#android.permission.USE_FINGERPRINT
ADDED from src\main\AndroidManifest.xml:16:5-74
	android:name
		ADDED from src\main\AndroidManifest.xml:16:22-71
uses-permission#android.permission.INTERNET
ADDED from src\main\AndroidManifest.xml:18:5-67
MERGED from [lib.5plus.base-release.aar] AndroidManifest.xml:17:5-67
MERGED from [lib.5plus.base-release.aar] AndroidManifest.xml:17:5-67
	android:name
		ADDED from src\main\AndroidManifest.xml:18:22-64
uses-permission#android.permission.READ_PHONE_STATE
ADDED from src\main\AndroidManifest.xml:19:5-75
	android:name
		ADDED from src\main\AndroidManifest.xml:19:22-72
uses-permission#android.permission.ACCESS_NETWORK_STATE
ADDED from src\main\AndroidManifest.xml:20:5-79
MERGED from [lib.5plus.base-release.aar] AndroidManifest.xml:18:5-79
MERGED from [lib.5plus.base-release.aar] AndroidManifest.xml:18:5-79
	android:name
		ADDED from src\main\AndroidManifest.xml:20:22-76
uses-permission#android.permission.WAKE_LOCK
ADDED from src\main\AndroidManifest.xml:21:5-68
	android:name
		ADDED from src\main\AndroidManifest.xml:21:22-65
uses-permission#android.permission.RECEIVE_BOOT_COMPLETED
ADDED from src\main\AndroidManifest.xml:22:5-81
	android:name
		ADDED from src\main\AndroidManifest.xml:22:22-78
uses-permission#android.permission.ACCESS_WIFI_STATE
ADDED from src\main\AndroidManifest.xml:25:5-76
	android:name
		ADDED from src\main\AndroidManifest.xml:25:22-73
uses-permission#android.permission.CALL_PHONE
ADDED from src\main\AndroidManifest.xml:26:5-69
	android:name
		ADDED from src\main\AndroidManifest.xml:26:22-66
uses-permission#getui.permission.GetuiService.com.HBuilder.integrate
ADDED from src\main\AndroidManifest.xml:27:5-92
	android:name
		ADDED from src\main\AndroidManifest.xml:27:22-89
permission#getui.permission.GetuiService.com.HBuilder.integrate
ADDED from src\main\AndroidManifest.xml:29:5-31:44
	android:protectionLevel
		ADDED from src\main\AndroidManifest.xml:31:9-41
	android:name
		ADDED from src\main\AndroidManifest.xml:30:9-76
uses-permission#android.permission.CHANGE_WIFI_STATE
ADDED from src\main\AndroidManifest.xml:36:5-76
	android:name
		ADDED from src\main\AndroidManifest.xml:36:22-73
uses-permission#android.permission.ACCESS_COARSE_LOCATION
ADDED from src\main\AndroidManifest.xml:37:5-81
	android:name
		ADDED from src\main\AndroidManifest.xml:37:22-78
uses-permission#android.permission.ACCESS_FINE_LOCATION
ADDED from src\main\AndroidManifest.xml:38:5-79
	android:name
		ADDED from src\main\AndroidManifest.xml:38:22-76
uses-permission#android.permission.MODIFY_AUDIO_SETTINGS
ADDED from src\main\AndroidManifest.xml:41:5-80
	android:name
		ADDED from src\main\AndroidManifest.xml:41:22-77
uses-permission#com.xiaomi.permission.AUTH_SERVICE
ADDED from src\main\AndroidManifest.xml:44:5-74
	android:name
		ADDED from src\main\AndroidManifest.xml:44:22-71
uses-permission#android.permission.BLUETOOTH_ADMIN
ADDED from src\main\AndroidManifest.xml:48:5-74
	android:name
		ADDED from src\main\AndroidManifest.xml:48:22-71
uses-permission#android.permission.BLUETOOTH
ADDED from src\main\AndroidManifest.xml:49:5-68
	android:name
		ADDED from src\main\AndroidManifest.xml:49:22-65
uses-permission#android.permission.GET_TASKS
ADDED from src\main\AndroidManifest.xml:51:5-68
	android:name
		ADDED from src\main\AndroidManifest.xml:51:22-65
uses-permission#android.permission.CHANGE_NETWORK_STATE
ADDED from src\main\AndroidManifest.xml:52:5-79
	android:name
		ADDED from src\main\AndroidManifest.xml:52:22-76
uses-permission#android.permission.READ_CONTACTS
ADDED from src\main\AndroidManifest.xml:53:5-72
	android:name
		ADDED from src\main\AndroidManifest.xml:53:22-69
uses-permission#android.permission.WRITE_CONTACTS
ADDED from src\main\AndroidManifest.xml:58:5-73
	android:name
		ADDED from src\main\AndroidManifest.xml:58:22-70
uses-permission#android.permission.GET_ACCOUNTS
ADDED from src\main\AndroidManifest.xml:60:5-71
	android:name
		ADDED from src\main\AndroidManifest.xml:60:22-68
uses-permission#android.permission.RECORD_AUDIO
ADDED from src\main\AndroidManifest.xml:61:5-71
	android:name
		ADDED from src\main\AndroidManifest.xml:61:22-68
uses-permission#android.permission.SEND_SMS
ADDED from src\main\AndroidManifest.xml:62:5-67
	android:name
		ADDED from src\main\AndroidManifest.xml:62:22-64
uses-permission#android.permission.WRITE_SMS
ADDED from src\main\AndroidManifest.xml:68:5-68
	android:name
		ADDED from src\main\AndroidManifest.xml:68:22-65
uses-permission#android.permission.READ_SMS
ADDED from src\main\AndroidManifest.xml:69:5-67
	android:name
		ADDED from src\main\AndroidManifest.xml:69:22-64
uses-permission#android.permission.SYSTEM_ALERT_WINDOW
ADDED from src\main\AndroidManifest.xml:77:5-78
	android:name
		ADDED from src\main\AndroidManifest.xml:77:22-75
application
ADDED from src\main\AndroidManifest.xml:80:5-207:19
MERGED from [lib.5plus.base-release.aar] AndroidManifest.xml:56:5-224:19
MERGED from [lib.5plus.base-release.aar] AndroidManifest.xml:56:5-224:19
	android:supportsRtl
		ADDED from [lib.5plus.base-release.aar] AndroidManifest.xml:59:9-35
	android:label
		ADDED from src\main\AndroidManifest.xml:85:9-41
	android:allowClearUserData
		ADDED from src\main\AndroidManifest.xml:82:9-42
	android:debuggable
		ADDED from src\main\AndroidManifest.xml:83:9-34
	android:allowBackup
		ADDED from [lib.5plus.base-release.aar] AndroidManifest.xml:58:9-35
	android:largeHeap
		ADDED from src\main\AndroidManifest.xml:86:9-33
	android:icon
		ADDED from src\main\AndroidManifest.xml:84:9-38
	android:name
		ADDED from src\main\AndroidManifest.xml:81:9-63
activity#io.dcloud.PandoraEntry
ADDED from src\main\AndroidManifest.xml:88:9-101:20
	android:screenOrientation
		ADDED from src\main\AndroidManifest.xml:94:13-45
	android:label
		ADDED from src\main\AndroidManifest.xml:92:13-45
	android:launchMode
		ADDED from src\main\AndroidManifest.xml:93:13-44
	android:hardwareAccelerated
		ADDED from src\main\AndroidManifest.xml:91:13-47
	android:windowSoftInputMode
		ADDED from src\main\AndroidManifest.xml:96:13-55
	android:configChanges
		ADDED from src\main\AndroidManifest.xml:90:13-83
	android:theme
		ADDED from src\main\AndroidManifest.xml:95:13-52
	android:name
		ADDED from src\main\AndroidManifest.xml:89:13-50
intent-filter#action:name:android.intent.action.MAIN+category:name:android.intent.category.LAUNCHER
ADDED from src\main\AndroidManifest.xml:97:13-100:29
action#android.intent.action.MAIN
ADDED from src\main\AndroidManifest.xml:98:17-69
	android:name
		ADDED from src\main\AndroidManifest.xml:98:25-66
category#android.intent.category.LAUNCHER
ADDED from src\main\AndroidManifest.xml:99:17-77
	android:name
		ADDED from src\main\AndroidManifest.xml:99:27-74
activity#com.example.mybtprinter.BTPrinterActivity
ADDED from src\main\AndroidManifest.xml:115:9-116:20
	android:name
		ADDED from src\main\AndroidManifest.xml:115:19-75
activity#com.example.mybtprinter.DeviceListActivity
ADDED from src\main\AndroidManifest.xml:117:9-121:20
	android:configChanges
		ADDED from src\main\AndroidManifest.xml:119:13-63
	android:theme
		ADDED from src\main\AndroidManifest.xml:120:13-82
	android:name
		ADDED from src\main\AndroidManifest.xml:118:13-70
activity#com.wasu.paysdk.activity.CashierActivity
ADDED from src\main\AndroidManifest.xml:124:9-131:20
	android:screenOrientation
		ADDED from src\main\AndroidManifest.xml:128:13-49
	android:windowSoftInputMode
		ADDED from src\main\AndroidManifest.xml:130:13-67
	android:exported
		ADDED from src\main\AndroidManifest.xml:127:13-37
	android:configChanges
		ADDED from src\main\AndroidManifest.xml:126:13-85
	android:theme
		ADDED from src\main\AndroidManifest.xml:129:13-83
	android:name
		ADDED from src\main\AndroidManifest.xml:125:13-68
activity#com.alipay.sdk.app.H5PayActivity
ADDED from src\main\AndroidManifest.xml:132:9-138:20
	android:screenOrientation
		ADDED from src\main\AndroidManifest.xml:136:13-47
	android:windowSoftInputMode
		ADDED from src\main\AndroidManifest.xml:137:13-67
	android:exported
		ADDED from src\main\AndroidManifest.xml:135:13-37
	android:configChanges
		ADDED from src\main\AndroidManifest.xml:134:13-85
	android:name
		ADDED from src\main\AndroidManifest.xml:133:13-60
activity#com.alipay.sdk.app.H5AuthActivity
ADDED from src\main\AndroidManifest.xml:139:9-145:20
	android:screenOrientation
		ADDED from src\main\AndroidManifest.xml:143:13-47
	android:windowSoftInputMode
		ADDED from src\main\AndroidManifest.xml:144:13-67
	android:exported
		ADDED from src\main\AndroidManifest.xml:142:13-37
	android:configChanges
		ADDED from src\main\AndroidManifest.xml:141:13-74
	android:name
		ADDED from src\main\AndroidManifest.xml:140:13-61
service#org.ddpush.client.demo.udp.service.OnlineService
ADDED from src\main\AndroidManifest.xml:150:9-151:19
	android:name
		ADDED from src\main\AndroidManifest.xml:150:18-81
service#io.dcloud.ndtv.wbp.location.LocationService
ADDED from src\main\AndroidManifest.xml:153:9-154:19
	android:name
		ADDED from src\main\AndroidManifest.xml:153:18-76
receiver#org.ddpush.client.demo.udp.receiver.TickAlarmReceiver
ADDED from src\main\AndroidManifest.xml:156:9-157:20
	android:name
		ADDED from src\main\AndroidManifest.xml:156:19-87
receiver#org.ddpush.client.demo.udp.receiver.ConnectivityAlarmReceiver
ADDED from src\main\AndroidManifest.xml:158:9-164:20
	android:label
		ADDED from src\main\AndroidManifest.xml:160:13-45
	android:name
		ADDED from src\main\AndroidManifest.xml:159:13-89
intent-filter#action:name:android.net.conn.CONNECTIVITY_CHANGE
ADDED from src\main\AndroidManifest.xml:161:13-163:29
action#android.net.conn.CONNECTIVITY_CHANGE
ADDED from src\main\AndroidManifest.xml:162:17-79
	android:name
		ADDED from src\main\AndroidManifest.xml:162:25-76
receiver#org.ddpush.client.demo.udp.receiver.BootAlarmReceiver
ADDED from src\main\AndroidManifest.xml:165:9-171:20
	android:label
		ADDED from src\main\AndroidManifest.xml:167:13-45
	android:name
		ADDED from src\main\AndroidManifest.xml:166:13-81
intent-filter#action:name:android.intent.action.BOOT_COMPLETED
ADDED from src\main\AndroidManifest.xml:168:13-170:29
action#android.intent.action.BOOT_COMPLETED
ADDED from src\main\AndroidManifest.xml:169:17-79
	android:name
		ADDED from src\main\AndroidManifest.xml:169:25-76
receiver#org.ddpush.client.demo.udp.service.OnlineService$NotificationReceiver
ADDED from src\main\AndroidManifest.xml:173:9-178:20
	android:name
		ADDED from src\main\AndroidManifest.xml:173:19-103
intent-filter#action:name:notification_cancelled+action:name:notification_clicked
ADDED from src\main\AndroidManifest.xml:174:13-177:29
action#notification_cancelled
ADDED from src\main\AndroidManifest.xml:175:17-65
	android:name
		ADDED from src\main\AndroidManifest.xml:175:25-62
action#notification_clicked
ADDED from src\main\AndroidManifest.xml:176:17-63
	android:name
		ADDED from src\main\AndroidManifest.xml:176:25-60
receiver#io.dcloud.ndtv.wbp.AlarmReceiver
ADDED from src\main\AndroidManifest.xml:181:9-185:20
	android:name
		ADDED from src\main\AndroidManifest.xml:181:19-66
intent-filter#action:name:ALARM_CLOCK
ADDED from src\main\AndroidManifest.xml:182:13-184:29
action#ALARM_CLOCK
ADDED from src\main\AndroidManifest.xml:183:17-54
	android:name
		ADDED from src\main\AndroidManifest.xml:183:25-51
receiver#io.dcloud.ndtv.wbp.todo.TodoReceiver
ADDED from src\main\AndroidManifest.xml:188:9-192:20
	android:name
		ADDED from src\main\AndroidManifest.xml:188:19-70
intent-filter#action:name:TODO_ALARM_CLOCK
ADDED from src\main\AndroidManifest.xml:189:13-191:29
action#TODO_ALARM_CLOCK
ADDED from src\main\AndroidManifest.xml:190:17-59
	android:name
		ADDED from src\main\AndroidManifest.xml:190:25-56
receiver#io.dcloud.ndtv.wbp.todo.TodoBootReceiver
ADDED from src\main\AndroidManifest.xml:194:9-198:20
	android:name
		ADDED from src\main\AndroidManifest.xml:194:19-74
uses-sdk
INJECTED from src\main\AndroidManifest.xml reason: use-sdk injection requested
INJECTED from src\main\AndroidManifest.xml
INJECTED from src\main\AndroidManifest.xml
MERGED from [lib.5plus.base-release.aar] AndroidManifest.xml:7:5-44
MERGED from [lib.5plus.base-release.aar] AndroidManifest.xml:7:5-44
MERGED from [com.android.support:multidex:1.0.2] AndroidManifest.xml:20:5-43
MERGED from [com.android.support:multidex:1.0.2] AndroidManifest.xml:20:5-43
INJECTED from src\main\AndroidManifest.xml
INJECTED from src\main\AndroidManifest.xml
	android:targetSdkVersion
		INJECTED from src\main\AndroidManifest.xml
		ADDED from src\main\AndroidManifest.xml
		INJECTED from src\main\AndroidManifest.xml
	android:minSdkVersion
		INJECTED from src\main\AndroidManifest.xml
		ADDED from src\main\AndroidManifest.xml
		INJECTED from src\main\AndroidManifest.xml
supports-screens
ADDED from [lib.5plus.base-release.aar] AndroidManifest.xml:9:5-14:39
	android:largeScreens
		ADDED from [lib.5plus.base-release.aar] AndroidManifest.xml:11:9-36
	android:smallScreens
		ADDED from [lib.5plus.base-release.aar] AndroidManifest.xml:14:9-36
	android:normalScreens
		ADDED from [lib.5plus.base-release.aar] AndroidManifest.xml:12:9-37
	android:resizeable
		ADDED from [lib.5plus.base-release.aar] AndroidManifest.xml:13:9-34
	android:anyDensity
		ADDED from [lib.5plus.base-release.aar] AndroidManifest.xml:10:9-34
uses-permission#com.android.launcher.permission.UNINSTALL_SHORTCUT
ADDED from [lib.5plus.base-release.aar] AndroidManifest.xml:19:5-90
	android:name
		ADDED from [lib.5plus.base-release.aar] AndroidManifest.xml:19:22-87
uses-permission#com.huawei.android.launcher.permission.CHANGE_BADGE
ADDED from [lib.5plus.base-release.aar] AndroidManifest.xml:21:5-91
	android:name
		ADDED from [lib.5plus.base-release.aar] AndroidManifest.xml:21:22-88
uses-permission#com.android.launcher.permission.INSTALL_SHORTCUT
ADDED from [lib.5plus.base-release.aar] AndroidManifest.xml:22:5-88
	android:name
		ADDED from [lib.5plus.base-release.aar] AndroidManifest.xml:22:22-85
uses-permission#com.android.launcher.permission.READ_SETTINGS
ADDED from [lib.5plus.base-release.aar] AndroidManifest.xml:23:5-85
	android:name
		ADDED from [lib.5plus.base-release.aar] AndroidManifest.xml:23:22-82
uses-permission#com.android.launcher2.permission.READ_SETTINGS
ADDED from [lib.5plus.base-release.aar] AndroidManifest.xml:24:5-86
	android:name
		ADDED from [lib.5plus.base-release.aar] AndroidManifest.xml:24:22-83
uses-permission#com.android.launcher3.permission.READ_SETTINGS
ADDED from [lib.5plus.base-release.aar] AndroidManifest.xml:25:5-86
	android:name
		ADDED from [lib.5plus.base-release.aar] AndroidManifest.xml:25:22-83
uses-permission#com.yulong.android.launcherL.permission.READ_SETTINGS
ADDED from [lib.5plus.base-release.aar] AndroidManifest.xml:26:5-93
	android:name
		ADDED from [lib.5plus.base-release.aar] AndroidManifest.xml:26:22-90
uses-permission#com.meizu.flyme.launcher.permission.READ_SETTINGS
ADDED from [lib.5plus.base-release.aar] AndroidManifest.xml:27:5-89
	android:name
		ADDED from [lib.5plus.base-release.aar] AndroidManifest.xml:27:22-86
uses-permission#com.bbk.launcher2.permission.READ_SETTINGS
ADDED from [lib.5plus.base-release.aar] AndroidManifest.xml:28:5-82
	android:name
		ADDED from [lib.5plus.base-release.aar] AndroidManifest.xml:28:22-79
uses-permission#com.oppo.launcher.permission.READ_SETTINGS
ADDED from [lib.5plus.base-release.aar] AndroidManifest.xml:29:5-82
	android:name
		ADDED from [lib.5plus.base-release.aar] AndroidManifest.xml:29:22-79
uses-permission#com.htc.launcher.permission.READ_SETTINGS
ADDED from [lib.5plus.base-release.aar] AndroidManifest.xml:30:5-81
	android:name
		ADDED from [lib.5plus.base-release.aar] AndroidManifest.xml:30:22-78
uses-permission#com.qiku.launcher.permission.READ_SETTINGS
ADDED from [lib.5plus.base-release.aar] AndroidManifest.xml:31:5-82
	android:name
		ADDED from [lib.5plus.base-release.aar] AndroidManifest.xml:31:22-79
uses-permission#com.huawei.android.launcher.permission.READ_SETTINGS
ADDED from [lib.5plus.base-release.aar] AndroidManifest.xml:32:5-92
	android:name
		ADDED from [lib.5plus.base-release.aar] AndroidManifest.xml:32:22-89
uses-permission#com.zte.mifavor.launcher.permission.READ_SETTINGS
ADDED from [lib.5plus.base-release.aar] AndroidManifest.xml:33:5-89
	android:name
		ADDED from [lib.5plus.base-release.aar] AndroidManifest.xml:33:22-86
uses-permission#com.lenovo.launcher.permission.READ_SETTINGS
ADDED from [lib.5plus.base-release.aar] AndroidManifest.xml:34:5-84
	android:name
		ADDED from [lib.5plus.base-release.aar] AndroidManifest.xml:34:22-81
uses-permission#com.google.android.launcher.permission.READ_SETTINGS
ADDED from [lib.5plus.base-release.aar] AndroidManifest.xml:35:5-92
	android:name
		ADDED from [lib.5plus.base-release.aar] AndroidManifest.xml:35:22-89
uses-permission#com.yulong.android.launcher3.READ_SETTINGS
ADDED from [lib.5plus.base-release.aar] AndroidManifest.xml:36:5-82
	android:name
		ADDED from [lib.5plus.base-release.aar] AndroidManifest.xml:36:22-79
uses-permission#org.adw.launcher.permission.READ_SETTINGS
ADDED from [lib.5plus.base-release.aar] AndroidManifest.xml:37:5-81
	android:name
		ADDED from [lib.5plus.base-release.aar] AndroidManifest.xml:37:22-78
uses-permission#com.qihoo360.launcher.permission.READ_SETTINGS
ADDED from [lib.5plus.base-release.aar] AndroidManifest.xml:38:5-86
	android:name
		ADDED from [lib.5plus.base-release.aar] AndroidManifest.xml:38:22-83
uses-permission#com.lge.launcher.permission.READ_SETTINGS
ADDED from [lib.5plus.base-release.aar] AndroidManifest.xml:39:5-81
	android:name
		ADDED from [lib.5plus.base-release.aar] AndroidManifest.xml:39:22-78
uses-permission#net.qihoo.launcher.permission.READ_SETTINGS
ADDED from [lib.5plus.base-release.aar] AndroidManifest.xml:40:5-83
	android:name
		ADDED from [lib.5plus.base-release.aar] AndroidManifest.xml:40:22-80
uses-permission#org.adwfreak.launcher.permission.READ_SETTINGS
ADDED from [lib.5plus.base-release.aar] AndroidManifest.xml:41:5-86
	android:name
		ADDED from [lib.5plus.base-release.aar] AndroidManifest.xml:41:22-83
uses-permission#org.adw.launcher_donut.permission.READ_SETTINGS
ADDED from [lib.5plus.base-release.aar] AndroidManifest.xml:42:5-87
	android:name
		ADDED from [lib.5plus.base-release.aar] AndroidManifest.xml:42:22-84
uses-permission#com.huawei.launcher3.permission.READ_SETTINGS
ADDED from [lib.5plus.base-release.aar] AndroidManifest.xml:43:5-85
	android:name
		ADDED from [lib.5plus.base-release.aar] AndroidManifest.xml:43:22-82
uses-permission#com.fede.launcher.permission.READ_SETTINGS
ADDED from [lib.5plus.base-release.aar] AndroidManifest.xml:44:5-82
	android:name
		ADDED from [lib.5plus.base-release.aar] AndroidManifest.xml:44:22-79
uses-permission#com.sec.android.app.twlauncher.settings.READ_SETTINGS
ADDED from [lib.5plus.base-release.aar] AndroidManifest.xml:45:5-93
	android:name
		ADDED from [lib.5plus.base-release.aar] AndroidManifest.xml:45:22-90
uses-permission#com.tencent.qqlauncher.permission.READ_SETTINGS
ADDED from [lib.5plus.base-release.aar] AndroidManifest.xml:46:5-87
	android:name
		ADDED from [lib.5plus.base-release.aar] AndroidManifest.xml:46:22-84
uses-permission#com.huawei.launcher2.permission.READ_SETTINGS
ADDED from [lib.5plus.base-release.aar] AndroidManifest.xml:47:5-85
	android:name
		ADDED from [lib.5plus.base-release.aar] AndroidManifest.xml:47:22-82
uses-permission#com.ebproductions.android.launcher.permission.READ_SETTINGS
ADDED from [lib.5plus.base-release.aar] AndroidManifest.xml:48:5-99
	android:name
		ADDED from [lib.5plus.base-release.aar] AndroidManifest.xml:48:22-96
uses-permission#com.nd.android.launcher.permission.READ_SETTINGS
ADDED from [lib.5plus.base-release.aar] AndroidManifest.xml:49:5-88
	android:name
		ADDED from [lib.5plus.base-release.aar] AndroidManifest.xml:49:22-85
uses-permission#com.yulong.android.launcher.permission.READ_SETTINGS
ADDED from [lib.5plus.base-release.aar] AndroidManifest.xml:50:5-92
	android:name
		ADDED from [lib.5plus.base-release.aar] AndroidManifest.xml:50:22-89
uses-permission#com.android.mylauncher.permission.READ_SETTINGS
ADDED from [lib.5plus.base-release.aar] AndroidManifest.xml:51:5-87
	android:name
		ADDED from [lib.5plus.base-release.aar] AndroidManifest.xml:51:22-84
uses-permission#com.ztemt.launcher.permission.READ_SETTINGS
ADDED from [lib.5plus.base-release.aar] AndroidManifest.xml:52:5-83
	android:name
		ADDED from [lib.5plus.base-release.aar] AndroidManifest.xml:52:22-80
uses-permission#cn.nubia.launcher.permission.READ_SETTINGS
ADDED from [lib.5plus.base-release.aar] AndroidManifest.xml:53:5-82
	android:name
		ADDED from [lib.5plus.base-release.aar] AndroidManifest.xml:53:22-79
uses-permission#com.gionee.amisystem.permission.READ_SHORTCUT
ADDED from [lib.5plus.base-release.aar] AndroidManifest.xml:54:5-85
	android:name
		ADDED from [lib.5plus.base-release.aar] AndroidManifest.xml:54:22-82
activity#io.dcloud.PandoraEntryActivity
ADDED from [lib.5plus.base-release.aar] AndroidManifest.xml:60:9-77:20
	android:screenOrientation
		ADDED from [lib.5plus.base-release.aar] AndroidManifest.xml:66:13-45
	android:launchMode
		ADDED from [lib.5plus.base-release.aar] AndroidManifest.xml:64:13-44
	android:hardwareAccelerated
		ADDED from [lib.5plus.base-release.aar] AndroidManifest.xml:63:13-47
	android:windowSoftInputMode
		ADDED from [lib.5plus.base-release.aar] AndroidManifest.xml:68:13-55
	android:permission
		ADDED from [lib.5plus.base-release.aar] AndroidManifest.xml:65:13-89
	android:configChanges
		ADDED from [lib.5plus.base-release.aar] AndroidManifest.xml:62:13-92
	android:theme
		ADDED from [lib.5plus.base-release.aar] AndroidManifest.xml:67:13-47
	android:name
		ADDED from [lib.5plus.base-release.aar] AndroidManifest.xml:61:13-58
intent-filter#action:name:android.intent.action.VIEW+category:name:android.intent.category.BROWSABLE+category:name:android.intent.category.DEFAULT+data:scheme:h56131bcf
ADDED from [lib.5plus.base-release.aar] AndroidManifest.xml:69:13-76:29
category#android.intent.category.DEFAULT
ADDED from [lib.5plus.base-release.aar] AndroidManifest.xml:70:17-76
	android:name
		ADDED from [lib.5plus.base-release.aar] AndroidManifest.xml:70:27-73
category#android.intent.category.BROWSABLE
ADDED from [lib.5plus.base-release.aar] AndroidManifest.xml:71:17-78
	android:name
		ADDED from [lib.5plus.base-release.aar] AndroidManifest.xml:71:27-75
action#android.intent.action.VIEW
ADDED from [lib.5plus.base-release.aar] AndroidManifest.xml:73:17-69
	android:name
		ADDED from [lib.5plus.base-release.aar] AndroidManifest.xml:73:25-66
data
ADDED from [lib.5plus.base-release.aar] AndroidManifest.xml:75:17-52
	android:scheme
		ADDED from [lib.5plus.base-release.aar] AndroidManifest.xml:75:23-49
service#io.dcloud.common.adapter.io.MiniServerService
ADDED from [lib.5plus.base-release.aar] AndroidManifest.xml:79:9-81:40
	android:exported
		ADDED from [lib.5plus.base-release.aar] AndroidManifest.xml:81:13-37
	android:name
		ADDED from [lib.5plus.base-release.aar] AndroidManifest.xml:80:13-73
receiver#io.dcloud.common.adapter.io.PushReceiver
ADDED from [lib.5plus.base-release.aar] AndroidManifest.xml:83:9-87:20
	android:name
		ADDED from [lib.5plus.base-release.aar] AndroidManifest.xml:83:19-74
intent-filter#action:name:dcloud.push.broswer
ADDED from [lib.5plus.base-release.aar] AndroidManifest.xml:84:13-86:29
action#dcloud.push.broswer
ADDED from [lib.5plus.base-release.aar] AndroidManifest.xml:85:17-62
	android:name
		ADDED from [lib.5plus.base-release.aar] AndroidManifest.xml:85:25-59
activity#io.dcloud.imagepick.CustomGalleryActivity
ADDED from [lib.5plus.base-release.aar] AndroidManifest.xml:89:9-92:40
	android:noHistory
		ADDED from [lib.5plus.base-release.aar] AndroidManifest.xml:92:13-37
	android:exported
		ADDED from [lib.5plus.base-release.aar] AndroidManifest.xml:91:13-37
	android:name
		ADDED from [lib.5plus.base-release.aar] AndroidManifest.xml:90:13-69
activity#io.dcloud.feature.nativeObj.photoview.PhotoActivity
ADDED from [lib.5plus.base-release.aar] AndroidManifest.xml:93:9-96:58
	android:noHistory
		ADDED from [lib.5plus.base-release.aar] AndroidManifest.xml:95:13-38
	android:theme
		ADDED from [lib.5plus.base-release.aar] AndroidManifest.xml:96:13-55
	android:name
		ADDED from [lib.5plus.base-release.aar] AndroidManifest.xml:94:13-79
activity#io.dcloud.appstream.StreamAppMainActivity
ADDED from [lib.5plus.base-release.aar] AndroidManifest.xml:97:9-118:20
	android:screenOrientation
		ADDED from [lib.5plus.base-release.aar] AndroidManifest.xml:102:13-49
	android:launchMode
		ADDED from [lib.5plus.base-release.aar] AndroidManifest.xml:101:13-44
	android:windowSoftInputMode
		ADDED from [lib.5plus.base-release.aar] AndroidManifest.xml:105:13-73
	android:exported
		ADDED from [lib.5plus.base-release.aar] AndroidManifest.xml:100:13-36
	android:configChanges
		ADDED from [lib.5plus.base-release.aar] AndroidManifest.xml:99:13-82
	android:theme
		ADDED from [lib.5plus.base-release.aar] AndroidManifest.xml:104:13-70
	android:taskAffinity
		ADDED from [lib.5plus.base-release.aar] AndroidManifest.xml:103:13-41
	android:name
		ADDED from [lib.5plus.base-release.aar] AndroidManifest.xml:98:13-69
intent-filter#action:name:android.intent.action.MAIN
ADDED from [lib.5plus.base-release.aar] AndroidManifest.xml:106:13-108:29
intent-filter#action:name:android.intent.action.VIEW+category:name:android.intent.category.BROWSABLE+category:name:android.intent.category.DEFAULT+data:scheme:streamapp+data:scheme:streamappmain
ADDED from [lib.5plus.base-release.aar] AndroidManifest.xml:109:13-117:29
activity#io.dcloud.WebAppActivity
ADDED from [lib.5plus.base-release.aar] AndroidManifest.xml:119:9-129:58
	android:screenOrientation
		ADDED from [lib.5plus.base-release.aar] AndroidManifest.xml:126:13-49
	android:label
		ADDED from [lib.5plus.base-release.aar] AndroidManifest.xml:124:13-46
	android:launchMode
		ADDED from [lib.5plus.base-release.aar] AndroidManifest.xml:125:13-44
	android:hardwareAccelerated
		ADDED from [lib.5plus.base-release.aar] AndroidManifest.xml:122:13-47
	android:windowSoftInputMode
		ADDED from [lib.5plus.base-release.aar] AndroidManifest.xml:129:13-55
	android:configChanges
		ADDED from [lib.5plus.base-release.aar] AndroidManifest.xml:121:13-92
	android:icon
		ADDED from [lib.5plus.base-release.aar] AndroidManifest.xml:123:13-51
	android:theme
		ADDED from [lib.5plus.base-release.aar] AndroidManifest.xml:128:13-47
	android:taskAffinity
		ADDED from [lib.5plus.base-release.aar] AndroidManifest.xml:127:13-43
	android:name
		ADDED from [lib.5plus.base-release.aar] AndroidManifest.xml:120:13-52
service#io.dcloud.streamdownload.DownloadService
ADDED from [lib.5plus.base-release.aar] AndroidManifest.xml:131:9-135:19
	android:name
		ADDED from [lib.5plus.base-release.aar] AndroidManifest.xml:131:18-73
intent-filter#action:name:com.qihoo.life.plugin.streamapp.ACTION_PUSH_TO_PLUGIN
ADDED from [lib.5plus.base-release.aar] AndroidManifest.xml:132:13-134:29
action#com.qihoo.life.plugin.streamapp.ACTION_PUSH_TO_PLUGIN
ADDED from [lib.5plus.base-release.aar] AndroidManifest.xml:133:17-96
	android:name
		ADDED from [lib.5plus.base-release.aar] AndroidManifest.xml:133:25-93
service#io.dcloud.appstream.service.DaemonService
ADDED from [lib.5plus.base-release.aar] AndroidManifest.xml:136:9-139:41
	android:process
		ADDED from [lib.5plus.base-release.aar] AndroidManifest.xml:139:13-38
	android:exported
		ADDED from [lib.5plus.base-release.aar] AndroidManifest.xml:138:13-37
	android:name
		ADDED from [lib.5plus.base-release.aar] AndroidManifest.xml:137:13-69
service#io.dcloud.appstream.service.ProtectService
ADDED from [lib.5plus.base-release.aar] AndroidManifest.xml:140:9-142:40
	android:exported
		ADDED from [lib.5plus.base-release.aar] AndroidManifest.xml:142:13-37